<?xml version="1.0" encoding="UTF-8"?>
<coverage generated="1778650416838" clover="3.2.0">
  <project timestamp="1778650416839" name="All files">
    <metrics statements="51" coveredstatements="44" conditionals="26" coveredconditionals="21" methods="10" coveredmethods="8" elements="87" coveredelements="73" complexity="0" loc="51" ncloc="51" packages="1" files="1" classes="1"/>
    <file name="bookmarks.js" path="/Users/kosei/myapp/popstack/public/background/bookmarks.js">
      <metrics statements="51" coveredstatements="44" conditionals="26" coveredconditionals="21" methods="10" coveredmethods="8"/>
      <line num="1" count="1" type="stmt"/>
      <line num="7" count="16" type="stmt"/>
      <line num="8" count="15" type="cond" truecount="1" falsecount="1"/>
      <line num="11" count="15" type="stmt"/>
      <line num="12" count="15" type="stmt"/>
      <line num="14" count="15" type="cond" truecount="1" falsecount="1"/>
      <line num="15" count="0" type="stmt"/>
      <line num="20" count="15" type="stmt"/>
      <line num="24" count="9" type="stmt"/>
      <line num="25" count="9" type="stmt"/>
      <line num="26" count="9" type="stmt"/>
      <line num="28" count="9" type="cond" truecount="2" falsecount="0"/>
      <line num="29" count="5" type="stmt"/>
      <line num="32" count="5" type="cond" truecount="2" falsecount="0"/>
      <line num="33" count="2" type="stmt"/>
      <line num="35" count="3" type="stmt"/>
      <line num="38" count="4" type="stmt"/>
      <line num="40" count="9" type="stmt"/>
      <line num="44" count="5" type="cond" truecount="4" falsecount="0"/>
      <line num="46" count="3" type="stmt"/>
      <line num="47" count="3" type="stmt"/>
      <line num="49" count="3" type="stmt"/>
      <line num="50" count="2" type="stmt"/>
      <line num="51" count="2" type="cond" truecount="2" falsecount="0"/>
      <line num="52" count="1" type="stmt"/>
      <line num="53" count="1" type="stmt"/>
      <line num="54" count="1" type="stmt"/>
      <line num="57" count="1" type="stmt"/>
      <line num="62" count="1" type="stmt"/>
      <line num="64" count="1" type="stmt"/>
      <line num="69" count="0" type="stmt"/>
      <line num="70" count="0" type="stmt"/>
      <line num="72" count="0" type="cond" truecount="0" falsecount="2"/>
      <line num="73" count="0" type="stmt"/>
      <line num="75" count="0" type="stmt"/>
      <line num="79" count="6" type="cond" truecount="4" falsecount="0"/>
      <line num="81" count="4" type="stmt"/>
      <line num="82" count="4" type="stmt"/>
      <line num="84" count="3" type="stmt"/>
      <line num="85" count="3" type="stmt"/>
      <line num="87" count="3" type="cond" truecount="2" falsecount="0"/>
      <line num="88" count="1" type="stmt"/>
      <line num="93" count="1" type="cond" truecount="1" falsecount="1"/>
      <line num="94" count="1" type="stmt"/>
      <line num="95" count="1" type="stmt"/>
      <line num="97" count="1" type="stmt"/>
      <line num="98" count="0" type="stmt"/>
      <line num="101" count="1" type="stmt"/>
      <line num="104" count="2" type="stmt"/>
      <line num="109" count="2" type="stmt"/>
      <line num="111" count="1" type="stmt"/>
    </file>
  </project>
</coverage>
