{"/Users/kosei/myapp/popstack/public/background.js": {"path":"/Users/kosei/myapp/popstack/public/background.js","statementMap":{"0":{"start":{"line":14,"column":0},"end":{"line":25,"column":null}},"1":{"start":{"line":15,"column":2},"end":{"line":19,"column":null}},"2":{"start":{"line":20,"column":2},"end":{"line":24,"column":null}},"3":{"start":{"line":26,"column":0},"end":{"line":26,"column":null}},"4":{"start":{"line":28,"column":0},"end":{"line":28,"column":null}},"5":{"start":{"line":30,"column":0},"end":{"line":39,"column":null}},"6":{"start":{"line":31,"column":2},"end":{"line":38,"column":null}},"7":{"start":{"line":32,"column":3},"end":{"line":32,"column":null}},"8":{"start":{"line":33,"column":9},"end":{"line":38,"column":null}},"9":{"start":{"line":34,"column":3},"end":{"line":36,"column":null}},"10":{"start":{"line":35,"column":6},"end":{"line":35,"column":null}},"11":{"start":{"line":37,"column":4},"end":{"line":37,"column":null}},"12":{"start":{"line":41,"column":0},"end":{"line":53,"column":null}},"13":{"start":{"line":42,"column":2},"end":{"line":52,"column":null}},"14":{"start":{"line":43,"column":21},"end":{"line":43,"column":72}},"15":{"start":{"line":44,"column":4},"end":{"line":44,"column":null}},"16":{"start":{"line":44,"column":44},"end":{"line":44,"column":null}},"17":{"start":{"line":46,"column":17},"end":{"line":46,"column":42}},"18":{"start":{"line":47,"column":4},"end":{"line":51,"column":null}},"19":{"start":{"line":48,"column":5},"end":{"line":48,"column":null}},"20":{"start":{"line":50,"column":6},"end":{"line":50,"column":null}},"21":{"start":{"line":55,"column":0},"end":{"line":55,"column":null}},"22":{"start":{"line":57,"column":0},"end":{"line":68,"column":null}},"23":{"start":{"line":59,"column":4},"end":{"line":66,"column":null}},"24":{"start":{"line":60,"column":6},"end":{"line":60,"column":null}},"25":{"start":{"line":62,"column":19},"end":{"line":62,"column":44}},"26":{"start":{"line":63,"column":6},"end":{"line":65,"column":null}},"27":{"start":{"line":64,"column":7},"end":{"line":64,"column":null}},"28":{"start":{"line":70,"column":0},"end":{"line":78,"column":null}},"29":{"start":{"line":71,"column":2},"end":{"line":77,"column":null}},"30":{"start":{"line":72,"column":3},"end":{"line":72,"column":null}},"31":{"start":{"line":73,"column":9},"end":{"line":77,"column":null}},"32":{"start":{"line":74,"column":4},"end":{"line":76,"column":null}},"33":{"start":{"line":75,"column":5},"end":{"line":75,"column":null}}},"fnMap":{"0":{"name":"(anonymous_0)","decl":{"start":{"line":14,"column":39},"end":{"line":14,"column":40}},"loc":{"start":{"line":14,"column":45},"end":{"line":25,"column":1}},"line":14},"1":{"name":"(anonymous_1)","decl":{"start":{"line":30,"column":37},"end":{"line":30,"column":38}},"loc":{"start":{"line":30,"column":72},"end":{"line":39,"column":1}},"line":30},"2":{"name":"(anonymous_2)","decl":{"start":{"line":34,"column":28},"end":{"line":34,"column":29}},"loc":{"start":{"line":34,"column":39},"end":{"line":36,"column":5}},"line":34},"3":{"name":"(anonymous_3)","decl":{"start":{"line":41,"column":34},"end":{"line":41,"column":39}},"loc":{"start":{"line":41,"column":51},"end":{"line":53,"column":1}},"line":41},"4":{"name":"(anonymous_4)","decl":{"start":{"line":58,"column":2},"end":{"line":58,"column":7}},"loc":{"start":{"line":58,"column":41},"end":{"line":67,"column":3}},"line":58},"5":{"name":"(anonymous_5)","decl":{"start":{"line":70,"column":42},"end":{"line":70,"column":43}},"loc":{"start":{"line":70,"column":57},"end":{"line":78,"column":1}},"line":70}},"branchMap":{"0":{"loc":{"start":{"line":31,"column":2},"end":{"line":38,"column":null}},"type":"if","locations":[{"start":{"line":31,"column":2},"end":{"line":38,"column":null}},{"start":{"line":33,"column":9},"end":{"line":38,"column":null}}],"line":31},"1":{"loc":{"start":{"line":33,"column":9},"end":{"line":38,"column":null}},"type":"if","locations":[{"start":{"line":33,"column":9},"end":{"line":38,"column":null}},{"start":{},"end":{}}],"line":33},"2":{"loc":{"start":{"line":42,"column":2},"end":{"line":52,"column":null}},"type":"if","locations":[{"start":{"line":42,"column":2},"end":{"line":52,"column":null}},{"start":{},"end":{}}],"line":42},"3":{"loc":{"start":{"line":44,"column":4},"end":{"line":44,"column":null}},"type":"if","locations":[{"start":{"line":44,"column":4},"end":{"line":44,"column":null}},{"start":{},"end":{}}],"line":44},"4":{"loc":{"start":{"line":47,"column":4},"end":{"line":51,"column":null}},"type":"if","locations":[{"start":{"line":47,"column":4},"end":{"line":51,"column":null}},{"start":{"line":49,"column":11},"end":{"line":51,"column":null}}],"line":47},"5":{"loc":{"start":{"line":59,"column":4},"end":{"line":66,"column":null}},"type":"if","locations":[{"start":{"line":59,"column":4},"end":{"line":66,"column":null}},{"start":{},"end":{}}],"line":59},"6":{"loc":{"start":{"line":63,"column":6},"end":{"line":65,"column":null}},"type":"if","locations":[{"start":{"line":63,"column":6},"end":{"line":65,"column":null}},{"start":{},"end":{}}],"line":63},"7":{"loc":{"start":{"line":71,"column":2},"end":{"line":77,"column":null}},"type":"if","locations":[{"start":{"line":71,"column":2},"end":{"line":77,"column":null}},{"start":{"line":73,"column":9},"end":{"line":77,"column":null}}],"line":71},"8":{"loc":{"start":{"line":72,"column":19},"end":{"line":72,"column":48}},"type":"binary-expr","locations":[{"start":{"line":72,"column":19},"end":{"line":72,"column":32}},{"start":{"line":72,"column":36},"end":{"line":72,"column":48}}],"line":72},"9":{"loc":{"start":{"line":73,"column":9},"end":{"line":77,"column":null}},"type":"if","locations":[{"start":{"line":73,"column":9},"end":{"line":77,"column":null}},{"start":{},"end":{}}],"line":73},"10":{"loc":{"start":{"line":74,"column":4},"end":{"line":76,"column":null}},"type":"if","locations":[{"start":{"line":74,"column":4},"end":{"line":76,"column":null}},{"start":{},"end":{}}],"line":74},"11":{"loc":{"start":{"line":74,"column":8},"end":{"line":74,"column":22}},"type":"binary-expr","locations":[{"start":{"line":74,"column":8},"end":{"line":74,"column":11}},{"start":{"line":74,"column":15},"end":{"line":74,"column":22}}],"line":74},"12":{"loc":{"start":{"line":75,"column":21},"end":{"line":75,"column":44}},"type":"binary-expr","locations":[{"start":{"line":75,"column":21},"end":{"line":75,"column":30}},{"start":{"line":75,"column":34},"end":{"line":75,"column":44}}],"line":75}},"s":{"0":1,"1":0,"2":0,"3":1,"4":1,"5":1,"6":0,"7":0,"8":0,"9":0,"10":0,"11":0,"12":1,"13":0,"14":0,"15":0,"16":0,"17":0,"18":0,"19":0,"20":0,"21":1,"22":1,"23":0,"24":0,"25":0,"26":0,"27":0,"28":1,"29":0,"30":0,"31":0,"32":0,"33":0},"f":{"0":0,"1":0,"2":0,"3":0,"4":0,"5":0},"b":{"0":[0,0],"1":[0,0],"2":[0,0],"3":[0,0],"4":[0,0],"5":[0,0],"6":[0,0],"7":[0,0],"8":[0,0],"9":[0,0],"10":[0,0],"11":[0,0],"12":[0,0]},"meta":{"lastBranch":13,"lastFunction":6,"lastStatement":34,"seen":{"s:14:0:25:Infinity":0,"f:14:39:14:40":0,"s:15:2:19:Infinity":1,"s:20:2:24:Infinity":2,"s:26:0:26:Infinity":3,"s:28:0:28:Infinity":4,"s:30:0:39:Infinity":5,"f:30:37:30:38":1,"b:31:2:38:Infinity:33:9:38:Infinity":0,"s:31:2:38:Infinity":6,"s:32:3:32:Infinity":7,"b:33:9:38:Infinity:undefined:undefined:undefined:undefined":1,"s:33:9:38:Infinity":8,"s:34:3:36:Infinity":9,"f:34:28:34:29":2,"s:35:6:35:Infinity":10,"s:37:4:37:Infinity":11,"s:41:0:53:Infinity":12,"f:41:34:41:39":3,"b:42:2:52:Infinity:undefined:undefined:undefined:undefined":2,"s:42:2:52:Infinity":13,"s:43:21:43:72":14,"b:44:4:44:Infinity:undefined:undefined:undefined:undefined":3,"s:44:4:44:Infinity":15,"s:44:44:44:Infinity":16,"s:46:17:46:42":17,"b:47:4:51:Infinity:49:11:51:Infinity":4,"s:47:4:51:Infinity":18,"s:48:5:48:Infinity":19,"s:50:6:50:Infinity":20,"s:55:0:55:Infinity":21,"s:57:0:68:Infinity":22,"f:58:2:58:7":4,"b:59:4:66:Infinity:undefined:undefined:undefined:undefined":5,"s:59:4:66:Infinity":23,"s:60:6:60:Infinity":24,"s:62:19:62:44":25,"b:63:6:65:Infinity:undefined:undefined:undefined:undefined":6,"s:63:6:65:Infinity":26,"s:64:7:64:Infinity":27,"s:70:0:78:Infinity":28,"f:70:42:70:43":5,"b:71:2:77:Infinity:73:9:77:Infinity":7,"s:71:2:77:Infinity":29,"s:72:3:72:Infinity":30,"b:72:19:72:32:72:36:72:48":8,"b:73:9:77:Infinity:undefined:undefined:undefined:undefined":9,"s:73:9:77:Infinity":31,"b:74:4:76:Infinity:undefined:undefined:undefined:undefined":10,"s:74:4:76:Infinity":32,"b:74:8:74:11:74:15:74:22":11,"s:75:5:75:Infinity":33,"b:75:21:75:30:75:34:75:44":12}}}
,"/Users/kosei/myapp/popstack/public/background/alarms.js": {"path":"/Users/kosei/myapp/popstack/public/background/alarms.js","statementMap":{"0":{"start":{"line":4,"column":42},"end":{"line":7,"column":4}},"1":{"start":{"line":9,"column":2},"end":{"line":9,"column":null}},"2":{"start":{"line":11,"column":2},"end":{"line":32,"column":null}},"3":{"start":{"line":12,"column":29},"end":{"line":12,"column":62}},"4":{"start":{"line":13,"column":16},"end":{"line":13,"column":26}},"5":{"start":{"line":14,"column":26},"end":{"line":21,"column":5}},"6":{"start":{"line":23,"column":4},"end":{"line":25,"column":null}},"7":{"start":{"line":24,"column":6},"end":{"line":24,"column":null}},"8":{"start":{"line":27,"column":4},"end":{"line":30,"column":null}},"9":{"start":{"line":31,"column":4},"end":{"line":31,"column":null}}},"fnMap":{"0":{"name":"setupAlarm","decl":{"start":{"line":3,"column":22},"end":{"line":3,"column":32}},"loc":{"start":{"line":3,"column":35},"end":{"line":33,"column":null}},"line":3}},"branchMap":{"0":{"loc":{"start":{"line":11,"column":2},"end":{"line":32,"column":null}},"type":"if","locations":[{"start":{"line":11,"column":2},"end":{"line":32,"column":null}},{"start":{},"end":{}}],"line":11},"1":{"loc":{"start":{"line":11,"column":6},"end":{"line":11,"column":35}},"type":"binary-expr","locations":[{"start":{"line":11,"column":6},"end":{"line":11,"column":21}},{"start":{"line":11,"column":25},"end":{"line":11,"column":35}}],"line":11},"2":{"loc":{"start":{"line":23,"column":4},"end":{"line":25,"column":null}},"type":"if","locations":[{"start":{"line":23,"column":4},"end":{"line":25,"column":null}},{"start":{},"end":{}}],"line":23}},"s":{"0":0,"1":0,"2":0,"3":0,"4":0,"5":0,"6":0,"7":0,"8":0,"9":0},"f":{"0":0},"b":{"0":[0,0],"1":[0,0],"2":[0,0]},"meta":{"lastBranch":3,"lastFunction":1,"lastStatement":10,"seen":{"f:3:22:3:32":0,"s:4:42:7:4":0,"s:9:2:9:Infinity":1,"b:11:2:32:Infinity:undefined:undefined:undefined:undefined":0,"s:11:2:32:Infinity":2,"b:11:6:11:21:11:25:11:35":1,"s:12:29:12:62":3,"s:13:16:13:26":4,"s:14:26:21:5":5,"b:23:4:25:Infinity:undefined:undefined:undefined:undefined":2,"s:23:4:25:Infinity":6,"s:24:6:24:Infinity":7,"s:27:4:30:Infinity":8,"s:31:4:31:Infinity":9}}}
,"/Users/kosei/myapp/popstack/public/background/bookmarks.js": {"path":"/Users/kosei/myapp/popstack/public/background/bookmarks.js","statementMap":{"0":{"start":{"line":1,"column":22},"end":{"line":4,"column":1}},"1":{"start":{"line":7,"column":22},"end":{"line":9,"column":3}},"2":{"start":{"line":8,"column":15},"end":{"line":8,"column":62}},"3":{"start":{"line":11,"column":15},"end":{"line":13,"column":3}},"4":{"start":{"line":12,"column":15},"end":{"line":12,"column":44}},"5":{"start":{"line":14,"column":2},"end":{"line":19,"column":null}},"6":{"start":{"line":15,"column":4},"end":{"line":18,"column":null}},"7":{"start":{"line":20,"column":2},"end":{"line":20,"column":null}},"8":{"start":{"line":24,"column":17},"end":{"line":24,"column":42}},"9":{"start":{"line":25,"column":16},"end":{"line":25,"column":61}},"10":{"start":{"line":26,"column":16},"end":{"line":26,"column":28}},"11":{"start":{"line":28,"column":2},"end":{"line":39,"column":null}},"12":{"start":{"line":29,"column":4},"end":{"line":29,"column":null}},"13":{"start":{"line":32,"column":4},"end":{"line":36,"column":null}},"14":{"start":{"line":33,"column":6},"end":{"line":33,"column":66}},"15":{"start":{"line":35,"column":6},"end":{"line":35,"column":null}},"16":{"start":{"line":38,"column":4},"end":{"line":38,"column":null}},"17":{"start":{"line":40,"column":2},"end":{"line":40,"column":null}},"18":{"start":{"line":44,"column":2},"end":{"line":44,"column":null}},"19":{"start":{"line":44,"column":51},"end":{"line":44,"column":null}},"20":{"start":{"line":46,"column":2},"end":{"line":65,"column":null}},"21":{"start":{"line":47,"column":19},"end":{"line":47,"column":44}},"22":{"start":{"line":49,"column":21},"end":{"line":49,"column":66}},"23":{"start":{"line":50,"column":21},"end":{"line":50,"column":66}},"24":{"start":{"line":50,"column":45},"end":{"line":50,"column":65}},"25":{"start":{"line":51,"column":4},"end":{"line":55,"column":null}},"26":{"start":{"line":52,"column":6},"end":{"line":52,"column":null}},"27":{"start":{"line":53,"column":6},"end":{"line":53,"column":null}},"28":{"start":{"line":54,"column":6},"end":{"line":54,"column":null}},"29":{"start":{"line":57,"column":4},"end":{"line":61,"column":null}},"30":{"start":{"line":62,"column":4},"end":{"line":62,"column":null}},"31":{"start":{"line":64,"column":4},"end":{"line":64,"column":null}},"32":{"start":{"line":69,"column":17},"end":{"line":69,"column":42}},"33":{"start":{"line":70,"column":16},"end":{"line":70,"column":61}},"34":{"start":{"line":72,"column":2},"end":{"line":74,"column":null}},"35":{"start":{"line":73,"column":4},"end":{"line":73,"column":null}},"36":{"start":{"line":75,"column":2},"end":{"line":75,"column":null}},"37":{"start":{"line":79,"column":2},"end":{"line":79,"column":null}},"38":{"start":{"line":79,"column":43},"end":{"line":79,"column":null}},"39":{"start":{"line":81,"column":2},"end":{"line":112,"column":null}},"40":{"start":{"line":82,"column":19},"end":{"line":82,"column":44}},"41":{"start":{"line":84,"column":21},"end":{"line":84,"column":66}},"42":{"start":{"line":85,"column":24},"end":{"line":85,"column":65}},"43":{"start":{"line":85,"column":48},"end":{"line":85,"column":64}},"44":{"start":{"line":87,"column":4},"end":{"line":102,"column":null}},"45":{"start":{"line":88,"column":6},"end":{"line":91,"column":null}},"46":{"start":{"line":93,"column":24},"end":{"line":93,"column":72}},"47":{"start":{"line":94,"column":6},"end":{"line":94,"column":null}},"48":{"start":{"line":95,"column":6},"end":{"line":95,"column":66}},"49":{"start":{"line":97,"column":6},"end":{"line":99,"column":null}},"50":{"start":{"line":98,"column":8},"end":{"line":98,"column":null}},"51":{"start":{"line":101,"column":6},"end":{"line":101,"column":null}},"52":{"start":{"line":104,"column":4},"end":{"line":108,"column":null}},"53":{"start":{"line":109,"column":4},"end":{"line":109,"column":null}},"54":{"start":{"line":111,"column":4},"end":{"line":111,"column":null}}},"fnMap":{"0":{"name":"getPopStackFolder","decl":{"start":{"line":6,"column":22},"end":{"line":6,"column":39}},"loc":{"start":{"line":6,"column":42},"end":{"line":21,"column":null}},"line":6},"1":{"name":"(anonymous_1)","decl":{"start":{"line":8,"column":4},"end":{"line":8,"column":5}},"loc":{"start":{"line":8,"column":15},"end":{"line":8,"column":62}},"line":8},"2":{"name":"(anonymous_2)","decl":{"start":{"line":12,"column":4},"end":{"line":12,"column":5}},"loc":{"start":{"line":12,"column":15},"end":{"line":12,"column":44}},"line":12},"3":{"name":"updateBadgeCount","decl":{"start":{"line":23,"column":22},"end":{"line":23,"column":38}},"loc":{"start":{"line":23,"column":41},"end":{"line":41,"column":null}},"line":23},"4":{"name":"handleBookmarkAction","decl":{"start":{"line":43,"column":22},"end":{"line":43,"column":42}},"loc":{"start":{"line":43,"column":48},"end":{"line":66,"column":null}},"line":43},"5":{"name":"(anonymous_5)","decl":{"start":{"line":50,"column":35},"end":{"line":50,"column":36}},"loc":{"start":{"line":50,"column":45},"end":{"line":50,"column":65}},"line":50},"6":{"name":"getRandomBookmark","decl":{"start":{"line":68,"column":22},"end":{"line":68,"column":39}},"loc":{"start":{"line":68,"column":42},"end":{"line":76,"column":null}},"line":68},"7":{"name":"saveToPopStack","decl":{"start":{"line":78,"column":22},"end":{"line":78,"column":36}},"loc":{"start":{"line":78,"column":49},"end":{"line":113,"column":null}},"line":78},"8":{"name":"(anonymous_8)","decl":{"start":{"line":85,"column":38},"end":{"line":85,"column":39}},"loc":{"start":{"line":85,"column":48},"end":{"line":85,"column":64}},"line":85},"9":{"name":"(anonymous_9)","decl":{"start":{"line":97,"column":17},"end":{"line":97,"column":22}},"loc":{"start":{"line":97,"column":29},"end":{"line":99,"column":7}},"line":97}},"branchMap":{"0":{"loc":{"start":{"line":8,"column":15},"end":{"line":8,"column":62}},"type":"binary-expr","locations":[{"start":{"line":8,"column":15},"end":{"line":8,"column":42}},{"start":{"line":8,"column":46},"end":{"line":8,"column":62}}],"line":8},"1":{"loc":{"start":{"line":14,"column":2},"end":{"line":19,"column":null}},"type":"if","locations":[{"start":{"line":14,"column":2},"end":{"line":19,"column":null}},{"start":{},"end":{}}],"line":14},"2":{"loc":{"start":{"line":28,"column":2},"end":{"line":39,"column":null}},"type":"if","locations":[{"start":{"line":28,"column":2},"end":{"line":39,"column":null}},{"start":{"line":37,"column":9},"end":{"line":39,"column":null}}],"line":28},"3":{"loc":{"start":{"line":32,"column":4},"end":{"line":36,"column":null}},"type":"if","locations":[{"start":{"line":32,"column":4},"end":{"line":36,"column":null}},{"start":{"line":34,"column":11},"end":{"line":36,"column":null}}],"line":32},"4":{"loc":{"start":{"line":44,"column":2},"end":{"line":44,"column":null}},"type":"if","locations":[{"start":{"line":44,"column":2},"end":{"line":44,"column":null}},{"start":{},"end":{}}],"line":44},"5":{"loc":{"start":{"line":44,"column":6},"end":{"line":44,"column":49}},"type":"binary-expr","locations":[{"start":{"line":44,"column":6},"end":{"line":44,"column":14}},{"start":{"line":44,"column":18},"end":{"line":44,"column":49}}],"line":44},"6":{"loc":{"start":{"line":51,"column":4},"end":{"line":55,"column":null}},"type":"if","locations":[{"start":{"line":51,"column":4},"end":{"line":55,"column":null}},{"start":{},"end":{}}],"line":51},"7":{"loc":{"start":{"line":72,"column":2},"end":{"line":74,"column":null}},"type":"if","locations":[{"start":{"line":72,"column":2},"end":{"line":74,"column":null}},{"start":{},"end":{}}],"line":72},"8":{"loc":{"start":{"line":79,"column":2},"end":{"line":79,"column":null}},"type":"if","locations":[{"start":{"line":79,"column":2},"end":{"line":79,"column":null}},{"start":{},"end":{}}],"line":79},"9":{"loc":{"start":{"line":79,"column":6},"end":{"line":79,"column":41}},"type":"binary-expr","locations":[{"start":{"line":79,"column":6},"end":{"line":79,"column":10}},{"start":{"line":79,"column":14},"end":{"line":79,"column":41}}],"line":79},"10":{"loc":{"start":{"line":87,"column":4},"end":{"line":102,"column":null}},"type":"if","locations":[{"start":{"line":87,"column":4},"end":{"line":102,"column":null}},{"start":{},"end":{}}],"line":87},"11":{"loc":{"start":{"line":93,"column":24},"end":{"line":93,"column":72}},"type":"binary-expr","locations":[{"start":{"line":93,"column":24},"end":{"line":93,"column":64}},{"start":{"line":93,"column":68},"end":{"line":93,"column":72}}],"line":93},"12":{"loc":{"start":{"line":106,"column":13},"end":{"line":106,"column":25}},"type":"binary-expr","locations":[{"start":{"line":106,"column":13},"end":{"line":106,"column":18}},{"start":{"line":106,"column":22},"end":{"line":106,"column":25}}],"line":106}},"s":{"0":1,"1":0,"2":0,"3":0,"4":0,"5":0,"6":0,"7":0,"8":0,"9":0,"10":0,"11":0,"12":0,"13":0,"14":0,"15":0,"16":0,"17":0,"18":0,"19":0,"20":0,"21":0,"22":0,"23":0,"24":0,"25":0,"26":0,"27":0,"28":0,"29":0,"30":0,"31":0,"32":0,"33":0,"34":0,"35":0,"36":0,"37":0,"38":0,"39":0,"40":0,"41":0,"42":0,"43":0,"44":0,"45":0,"46":0,"47":0,"48":0,"49":0,"50":0,"51":0,"52":0,"53":0,"54":0},"f":{"0":0,"1":0,"2":0,"3":0,"4":0,"5":0,"6":0,"7":0,"8":0,"9":0},"b":{"0":[0,0],"1":[0,0],"2":[0,0],"3":[0,0],"4":[0,0],"5":[0,0],"6":[0,0],"7":[0,0],"8":[0,0],"9":[0,0],"10":[0,0],"11":[0,0],"12":[0,0]},"meta":{"lastBranch":13,"lastFunction":10,"lastStatement":55,"seen":{"s:1:22:4:1":0,"f:6:22:6:39":0,"s:7:22:9:3":1,"f:8:4:8:5":1,"s:8:15:8:62":2,"b:8:15:8:42:8:46:8:62":0,"s:11:15:13:3":3,"f:12:4:12:5":2,"s:12:15:12:44":4,"b:14:2:19:Infinity:undefined:undefined:undefined:undefined":1,"s:14:2:19:Infinity":5,"s:15:4:18:Infinity":6,"s:20:2:20:Infinity":7,"f:23:22:23:38":3,"s:24:17:24:42":8,"s:25:16:25:61":9,"s:26:16:26:28":10,"b:28:2:39:Infinity:37:9:39:Infinity":2,"s:28:2:39:Infinity":11,"s:29:4:29:Infinity":12,"b:32:4:36:Infinity:34:11:36:Infinity":3,"s:32:4:36:Infinity":13,"s:33:6:33:66":14,"s:35:6:35:Infinity":15,"s:38:4:38:Infinity":16,"s:40:2:40:Infinity":17,"f:43:22:43:42":4,"b:44:2:44:Infinity:undefined:undefined:undefined:undefined":4,"s:44:2:44:Infinity":18,"b:44:6:44:14:44:18:44:49":5,"s:44:51:44:Infinity":19,"s:46:2:65:Infinity":20,"s:47:19:47:44":21,"s:49:21:49:66":22,"s:50:21:50:66":23,"f:50:35:50:36":5,"s:50:45:50:65":24,"b:51:4:55:Infinity:undefined:undefined:undefined:undefined":6,"s:51:4:55:Infinity":25,"s:52:6:52:Infinity":26,"s:53:6:53:Infinity":27,"s:54:6:54:Infinity":28,"s:57:4:61:Infinity":29,"s:62:4:62:Infinity":30,"s:64:4:64:Infinity":31,"f:68:22:68:39":6,"s:69:17:69:42":32,"s:70:16:70:61":33,"b:72:2:74:Infinity:undefined:undefined:undefined:undefined":7,"s:72:2:74:Infinity":34,"s:73:4:73:Infinity":35,"s:75:2:75:Infinity":36,"f:78:22:78:36":7,"b:79:2:79:Infinity:undefined:undefined:undefined:undefined":8,"s:79:2:79:Infinity":37,"b:79:6:79:10:79:14:79:41":9,"s:79:43:79:Infinity":38,"s:81:2:112:Infinity":39,"s:82:19:82:44":40,"s:84:21:84:66":41,"s:85:24:85:65":42,"f:85:38:85:39":8,"s:85:48:85:64":43,"b:87:4:102:Infinity:undefined:undefined:undefined:undefined":10,"s:87:4:102:Infinity":44,"s:88:6:91:Infinity":45,"s:93:24:93:72":46,"b:93:24:93:64:93:68:93:72":11,"s:94:6:94:Infinity":47,"s:95:6:95:66":48,"s:97:6:99:Infinity":49,"f:97:17:97:22":9,"s:98:8:98:Infinity":50,"s:101:6:101:Infinity":51,"s:104:4:108:Infinity":52,"b:106:13:106:18:106:22:106:25":12,"s:109:4:109:Infinity":53,"s:111:4:111:Infinity":54}}}
,"/Users/kosei/myapp/popstack/public/background/notifications.js": {"path":"/Users/kosei/myapp/popstack/public/background/notifications.js","statementMap":{"0":{"start":{"line":2,"column":2},"end":{"line":9,"column":null}},"1":{"start":{"line":13,"column":2},"end":{"line":16,"column":null}},"2":{"start":{"line":14,"column":4},"end":{"line":14,"column":null}},"3":{"start":{"line":15,"column":4},"end":{"line":15,"column":null}}},"fnMap":{"0":{"name":"showDailyArticleNotification","decl":{"start":{"line":1,"column":16},"end":{"line":1,"column":44}},"loc":{"start":{"line":1,"column":51},"end":{"line":10,"column":null}},"line":1},"1":{"name":"handleNotificationClick","decl":{"start":{"line":12,"column":16},"end":{"line":12,"column":39}},"loc":{"start":{"line":12,"column":56},"end":{"line":17,"column":null}},"line":12}},"branchMap":{"0":{"loc":{"start":{"line":13,"column":2},"end":{"line":16,"column":null}},"type":"if","locations":[{"start":{"line":13,"column":2},"end":{"line":16,"column":null}},{"start":{},"end":{}}],"line":13}},"s":{"0":0,"1":0,"2":0,"3":0},"f":{"0":0,"1":0},"b":{"0":[0,0]},"meta":{"lastBranch":1,"lastFunction":2,"lastStatement":4,"seen":{"f:1:16:1:44":0,"s:2:2:9:Infinity":0,"f:12:16:12:39":1,"b:13:2:16:Infinity:undefined:undefined:undefined:undefined":0,"s:13:2:16:Infinity":1,"s:14:4:14:Infinity":2,"s:15:4:15:Infinity":3}}}
,"/Users/kosei/myapp/popstack/public/background/omnibox.js": {"path":"/Users/kosei/myapp/popstack/public/background/omnibox.js","statementMap":{"0":{"start":{"line":3,"column":0},"end":{"line":29,"column":null}},"1":{"start":{"line":4,"column":2},"end":{"line":28,"column":null}},"2":{"start":{"line":5,"column":19},"end":{"line":5,"column":44}},"3":{"start":{"line":6,"column":18},"end":{"line":6,"column":63}},"4":{"start":{"line":8,"column":20},"end":{"line":12,"column":5}},"5":{"start":{"line":10,"column":8},"end":{"line":11,"column":59}},"6":{"start":{"line":14,"column":24},"end":{"line":23,"column":6}},"7":{"start":{"line":15,"column":24},"end":{"line":18,"column":30}},"8":{"start":{"line":19,"column":6},"end":{"line":22,"column":null}},"9":{"start":{"line":25,"column":4},"end":{"line":25,"column":null}},"10":{"start":{"line":27,"column":4},"end":{"line":27,"column":null}},"11":{"start":{"line":31,"column":0},"end":{"line":50,"column":null}},"12":{"start":{"line":32,"column":18},"end":{"line":32,"column":22}},"13":{"start":{"line":33,"column":2},"end":{"line":47,"column":null}},"14":{"start":{"line":34,"column":19},"end":{"line":34,"column":44}},"15":{"start":{"line":35,"column":18},"end":{"line":35,"column":63}},"16":{"start":{"line":36,"column":18},"end":{"line":36,"column":36}},"17":{"start":{"line":37,"column":20},"end":{"line":41,"column":5}},"18":{"start":{"line":39,"column":8},"end":{"line":40,"column":46}},"19":{"start":{"line":42,"column":4},"end":{"line":46,"column":null}},"20":{"start":{"line":43,"column":6},"end":{"line":43,"column":null}},"21":{"start":{"line":45,"column":6},"end":{"line":45,"column":null}},"22":{"start":{"line":49,"column":2},"end":{"line":49,"column":null}}},"fnMap":{"0":{"name":"(anonymous_0)","decl":{"start":{"line":3,"column":42},"end":{"line":3,"column":47}},"loc":{"start":{"line":3,"column":67},"end":{"line":29,"column":1}},"line":3},"1":{"name":"(anonymous_1)","decl":{"start":{"line":9,"column":6},"end":{"line":9,"column":7}},"loc":{"start":{"line":10,"column":8},"end":{"line":11,"column":59}},"line":10},"2":{"name":"(anonymous_2)","decl":{"start":{"line":14,"column":36},"end":{"line":14,"column":37}},"loc":{"start":{"line":14,"column":46},"end":{"line":23,"column":5}},"line":14},"3":{"name":"(anonymous_3)","decl":{"start":{"line":31,"column":42},"end":{"line":31,"column":47}},"loc":{"start":{"line":31,"column":58},"end":{"line":50,"column":1}},"line":31},"4":{"name":"(anonymous_4)","decl":{"start":{"line":38,"column":6},"end":{"line":38,"column":7}},"loc":{"start":{"line":39,"column":8},"end":{"line":40,"column":46}},"line":39}},"branchMap":{"0":{"loc":{"start":{"line":10,"column":8},"end":{"line":11,"column":59}},"type":"binary-expr","locations":[{"start":{"line":10,"column":8},"end":{"line":10,"column":61}},{"start":{"line":11,"column":8},"end":{"line":11,"column":59}}],"line":10},"1":{"loc":{"start":{"line":33,"column":2},"end":{"line":47,"column":null}},"type":"if","locations":[{"start":{"line":33,"column":2},"end":{"line":47,"column":null}},{"start":{},"end":{}}],"line":33},"2":{"loc":{"start":{"line":39,"column":8},"end":{"line":40,"column":46}},"type":"binary-expr","locations":[{"start":{"line":39,"column":8},"end":{"line":39,"column":48}},{"start":{"line":40,"column":8},"end":{"line":40,"column":46}}],"line":39},"3":{"loc":{"start":{"line":42,"column":4},"end":{"line":46,"column":null}},"type":"if","locations":[{"start":{"line":42,"column":4},"end":{"line":46,"column":null}},{"start":{"line":44,"column":11},"end":{"line":46,"column":null}}],"line":42}},"s":{"0":1,"1":0,"2":0,"3":0,"4":0,"5":0,"6":0,"7":0,"8":0,"9":0,"10":0,"11":1,"12":0,"13":0,"14":0,"15":0,"16":0,"17":0,"18":0,"19":0,"20":0,"21":0,"22":0},"f":{"0":0,"1":0,"2":0,"3":0,"4":0},"b":{"0":[0,0],"1":[0,0],"2":[0,0],"3":[0,0]},"meta":{"lastBranch":4,"lastFunction":5,"lastStatement":23,"seen":{"s:3:0:29:Infinity":0,"f:3:42:3:47":0,"s:4:2:28:Infinity":1,"s:5:19:5:44":2,"s:6:18:6:63":3,"s:8:20:12:5":4,"f:9:6:9:7":1,"s:10:8:11:59":5,"b:10:8:10:61:11:8:11:59":0,"s:14:24:23:6":6,"f:14:36:14:37":2,"s:15:24:18:30":7,"s:19:6:22:Infinity":8,"s:25:4:25:Infinity":9,"s:27:4:27:Infinity":10,"s:31:0:50:Infinity":11,"f:31:42:31:47":3,"s:32:18:32:22":12,"b:33:2:47:Infinity:undefined:undefined:undefined:undefined":1,"s:33:2:47:Infinity":13,"s:34:19:34:44":14,"s:35:18:35:63":15,"s:36:18:36:36":16,"s:37:20:41:5":17,"f:38:6:38:7":4,"s:39:8:40:46":18,"b:39:8:39:48:40:8:40:46":2,"b:42:4:46:Infinity:44:11:46:Infinity":3,"s:42:4:46:Infinity":19,"s:43:6:43:Infinity":20,"s:45:6:45:Infinity":21,"s:49:2:49:Infinity":22}}}
}
