{"/Users/kosei/myapp/popstack/public/background/bookmarks.js": {"path":"/Users/kosei/myapp/popstack/public/background/bookmarks.js","statementMap":{"0":{"start":{"line":1,"column":22},"end":{"line":4,"column":1}},"1":{"start":{"line":7,"column":22},"end":{"line":9,"column":3}},"2":{"start":{"line":8,"column":15},"end":{"line":8,"column":62}},"3":{"start":{"line":11,"column":15},"end":{"line":13,"column":3}},"4":{"start":{"line":12,"column":15},"end":{"line":12,"column":44}},"5":{"start":{"line":14,"column":2},"end":{"line":19,"column":null}},"6":{"start":{"line":15,"column":4},"end":{"line":18,"column":null}},"7":{"start":{"line":20,"column":2},"end":{"line":20,"column":null}},"8":{"start":{"line":24,"column":17},"end":{"line":24,"column":42}},"9":{"start":{"line":25,"column":16},"end":{"line":25,"column":61}},"10":{"start":{"line":26,"column":16},"end":{"line":26,"column":28}},"11":{"start":{"line":28,"column":2},"end":{"line":39,"column":null}},"12":{"start":{"line":29,"column":4},"end":{"line":29,"column":null}},"13":{"start":{"line":32,"column":4},"end":{"line":36,"column":null}},"14":{"start":{"line":33,"column":6},"end":{"line":33,"column":66}},"15":{"start":{"line":35,"column":6},"end":{"line":35,"column":null}},"16":{"start":{"line":38,"column":4},"end":{"line":38,"column":null}},"17":{"start":{"line":40,"column":2},"end":{"line":40,"column":null}},"18":{"start":{"line":44,"column":2},"end":{"line":44,"column":null}},"19":{"start":{"line":44,"column":51},"end":{"line":44,"column":null}},"20":{"start":{"line":46,"column":2},"end":{"line":65,"column":null}},"21":{"start":{"line":47,"column":19},"end":{"line":47,"column":44}},"22":{"start":{"line":49,"column":21},"end":{"line":49,"column":66}},"23":{"start":{"line":50,"column":21},"end":{"line":50,"column":66}},"24":{"start":{"line":50,"column":45},"end":{"line":50,"column":65}},"25":{"start":{"line":51,"column":4},"end":{"line":55,"column":null}},"26":{"start":{"line":52,"column":6},"end":{"line":52,"column":null}},"27":{"start":{"line":53,"column":6},"end":{"line":53,"column":null}},"28":{"start":{"line":54,"column":6},"end":{"line":54,"column":null}},"29":{"start":{"line":57,"column":4},"end":{"line":61,"column":null}},"30":{"start":{"line":62,"column":4},"end":{"line":62,"column":null}},"31":{"start":{"line":64,"column":4},"end":{"line":64,"column":null}},"32":{"start":{"line":69,"column":17},"end":{"line":69,"column":42}},"33":{"start":{"line":70,"column":16},"end":{"line":70,"column":61}},"34":{"start":{"line":72,"column":2},"end":{"line":74,"column":null}},"35":{"start":{"line":73,"column":4},"end":{"line":73,"column":null}},"36":{"start":{"line":75,"column":2},"end":{"line":75,"column":null}},"37":{"start":{"line":79,"column":2},"end":{"line":79,"column":null}},"38":{"start":{"line":79,"column":43},"end":{"line":79,"column":null}},"39":{"start":{"line":81,"column":2},"end":{"line":112,"column":null}},"40":{"start":{"line":82,"column":19},"end":{"line":82,"column":44}},"41":{"start":{"line":84,"column":21},"end":{"line":84,"column":66}},"42":{"start":{"line":85,"column":24},"end":{"line":85,"column":65}},"43":{"start":{"line":85,"column":48},"end":{"line":85,"column":64}},"44":{"start":{"line":87,"column":4},"end":{"line":102,"column":null}},"45":{"start":{"line":88,"column":6},"end":{"line":91,"column":null}},"46":{"start":{"line":93,"column":24},"end":{"line":93,"column":72}},"47":{"start":{"line":94,"column":6},"end":{"line":94,"column":null}},"48":{"start":{"line":95,"column":6},"end":{"line":95,"column":66}},"49":{"start":{"line":97,"column":6},"end":{"line":99,"column":null}},"50":{"start":{"line":98,"column":8},"end":{"line":98,"column":null}},"51":{"start":{"line":101,"column":6},"end":{"line":101,"column":null}},"52":{"start":{"line":104,"column":4},"end":{"line":108,"column":null}},"53":{"start":{"line":109,"column":4},"end":{"line":109,"column":null}},"54":{"start":{"line":111,"column":4},"end":{"line":111,"column":null}}},"fnMap":{"0":{"name":"getPopStackFolder","decl":{"start":{"line":6,"column":22},"end":{"line":6,"column":39}},"loc":{"start":{"line":6,"column":42},"end":{"line":21,"column":null}},"line":6},"1":{"name":"(anonymous_1)","decl":{"start":{"line":8,"column":4},"end":{"line":8,"column":5}},"loc":{"start":{"line":8,"column":15},"end":{"line":8,"column":62}},"line":8},"2":{"name":"(anonymous_2)","decl":{"start":{"line":12,"column":4},"end":{"line":12,"column":5}},"loc":{"start":{"line":12,"column":15},"end":{"line":12,"column":44}},"line":12},"3":{"name":"updateBadgeCount","decl":{"start":{"line":23,"column":22},"end":{"line":23,"column":38}},"loc":{"start":{"line":23,"column":41},"end":{"line":41,"column":null}},"line":23},"4":{"name":"handleBookmarkAction","decl":{"start":{"line":43,"column":22},"end":{"line":43,"column":42}},"loc":{"start":{"line":43,"column":48},"end":{"line":66,"column":null}},"line":43},"5":{"name":"(anonymous_5)","decl":{"start":{"line":50,"column":35},"end":{"line":50,"column":36}},"loc":{"start":{"line":50,"column":45},"end":{"line":50,"column":65}},"line":50},"6":{"name":"getRandomBookmark","decl":{"start":{"line":68,"column":22},"end":{"line":68,"column":39}},"loc":{"start":{"line":68,"column":42},"end":{"line":76,"column":null}},"line":68},"7":{"name":"saveToPopStack","decl":{"start":{"line":78,"column":22},"end":{"line":78,"column":36}},"loc":{"start":{"line":78,"column":49},"end":{"line":113,"column":null}},"line":78},"8":{"name":"(anonymous_8)","decl":{"start":{"line":85,"column":38},"end":{"line":85,"column":39}},"loc":{"start":{"line":85,"column":48},"end":{"line":85,"column":64}},"line":85},"9":{"name":"(anonymous_9)","decl":{"start":{"line":97,"column":17},"end":{"line":97,"column":22}},"loc":{"start":{"line":97,"column":29},"end":{"line":99,"column":7}},"line":97}},"branchMap":{"0":{"loc":{"start":{"line":8,"column":15},"end":{"line":8,"column":62}},"type":"binary-expr","locations":[{"start":{"line":8,"column":15},"end":{"line":8,"column":42}},{"start":{"line":8,"column":46},"end":{"line":8,"column":62}}],"line":8},"1":{"loc":{"start":{"line":14,"column":2},"end":{"line":19,"column":null}},"type":"if","locations":[{"start":{"line":14,"column":2},"end":{"line":19,"column":null}},{"start":{},"end":{}}],"line":14},"2":{"loc":{"start":{"line":28,"column":2},"end":{"line":39,"column":null}},"type":"if","locations":[{"start":{"line":28,"column":2},"end":{"line":39,"column":null}},{"start":{"line":37,"column":9},"end":{"line":39,"column":null}}],"line":28},"3":{"loc":{"start":{"line":32,"column":4},"end":{"line":36,"column":null}},"type":"if","locations":[{"start":{"line":32,"column":4},"end":{"line":36,"column":null}},{"start":{"line":34,"column":11},"end":{"line":36,"column":null}}],"line":32},"4":{"loc":{"start":{"line":44,"column":2},"end":{"line":44,"column":null}},"type":"if","locations":[{"start":{"line":44,"column":2},"end":{"line":44,"column":null}},{"start":{},"end":{}}],"line":44},"5":{"loc":{"start":{"line":44,"column":6},"end":{"line":44,"column":49}},"type":"binary-expr","locations":[{"start":{"line":44,"column":6},"end":{"line":44,"column":14}},{"start":{"line":44,"column":18},"end":{"line":44,"column":49}}],"line":44},"6":{"loc":{"start":{"line":51,"column":4},"end":{"line":55,"column":null}},"type":"if","locations":[{"start":{"line":51,"column":4},"end":{"line":55,"column":null}},{"start":{},"end":{}}],"line":51},"7":{"loc":{"start":{"line":72,"column":2},"end":{"line":74,"column":null}},"type":"if","locations":[{"start":{"line":72,"column":2},"end":{"line":74,"column":null}},{"start":{},"end":{}}],"line":72},"8":{"loc":{"start":{"line":79,"column":2},"end":{"line":79,"column":null}},"type":"if","locations":[{"start":{"line":79,"column":2},"end":{"line":79,"column":null}},{"start":{},"end":{}}],"line":79},"9":{"loc":{"start":{"line":79,"column":6},"end":{"line":79,"column":41}},"type":"binary-expr","locations":[{"start":{"line":79,"column":6},"end":{"line":79,"column":10}},{"start":{"line":79,"column":14},"end":{"line":79,"column":41}}],"line":79},"10":{"loc":{"start":{"line":87,"column":4},"end":{"line":102,"column":null}},"type":"if","locations":[{"start":{"line":87,"column":4},"end":{"line":102,"column":null}},{"start":{},"end":{}}],"line":87},"11":{"loc":{"start":{"line":93,"column":24},"end":{"line":93,"column":72}},"type":"binary-expr","locations":[{"start":{"line":93,"column":24},"end":{"line":93,"column":64}},{"start":{"line":93,"column":68},"end":{"line":93,"column":72}}],"line":93},"12":{"loc":{"start":{"line":106,"column":13},"end":{"line":106,"column":25}},"type":"binary-expr","locations":[{"start":{"line":106,"column":13},"end":{"line":106,"column":18}},{"start":{"line":106,"column":22},"end":{"line":106,"column":25}}],"line":106}},"s":{"0":1,"1":19,"2":18,"3":18,"4":17,"5":18,"6":1,"7":18,"8":9,"9":9,"10":9,"11":9,"12":5,"13":5,"14":2,"15":3,"16":4,"17":9,"18":5,"19":2,"20":3,"21":3,"22":3,"23":2,"24":1,"25":2,"26":1,"27":1,"28":1,"29":1,"30":1,"31":1,"32":2,"33":2,"34":2,"35":1,"36":1,"37":6,"38":2,"39":4,"40":4,"41":3,"42":3,"43":1,"44":3,"45":1,"46":1,"47":1,"48":1,"49":1,"50":0,"51":1,"52":2,"53":2,"54":1},"f":{"0":19,"1":18,"2":17,"3":9,"4":5,"5":1,"6":2,"7":6,"8":1,"9":0},"b":{"0":[18,0],"1":[1,17],"2":[5,4],"3":[2,3],"4":[2,3],"5":[5,4],"6":[1,1],"7":[1,1],"8":[2,4],"9":[6,5],"10":[1,2],"11":[1,0],"12":[2,1]},"meta":{"lastBranch":13,"lastFunction":10,"lastStatement":55,"seen":{"s:1:22:4:1":0,"f:6:22:6:39":0,"s:7:22:9:3":1,"f:8:4:8:5":1,"s:8:15:8:62":2,"b:8:15:8:42:8:46:8:62":0,"s:11:15:13:3":3,"f:12:4:12:5":2,"s:12:15:12:44":4,"b:14:2:19:Infinity:undefined:undefined:undefined:undefined":1,"s:14:2:19:Infinity":5,"s:15:4:18:Infinity":6,"s:20:2:20:Infinity":7,"f:23:22:23:38":3,"s:24:17:24:42":8,"s:25:16:25:61":9,"s:26:16:26:28":10,"b:28:2:39:Infinity:37:9:39:Infinity":2,"s:28:2:39:Infinity":11,"s:29:4:29:Infinity":12,"b:32:4:36:Infinity:34:11:36:Infinity":3,"s:32:4:36:Infinity":13,"s:33:6:33:66":14,"s:35:6:35:Infinity":15,"s:38:4:38:Infinity":16,"s:40:2:40:Infinity":17,"f:43:22:43:42":4,"b:44:2:44:Infinity:undefined:undefined:undefined:undefined":4,"s:44:2:44:Infinity":18,"b:44:6:44:14:44:18:44:49":5,"s:44:51:44:Infinity":19,"s:46:2:65:Infinity":20,"s:47:19:47:44":21,"s:49:21:49:66":22,"s:50:21:50:66":23,"f:50:35:50:36":5,"s:50:45:50:65":24,"b:51:4:55:Infinity:undefined:undefined:undefined:undefined":6,"s:51:4:55:Infinity":25,"s:52:6:52:Infinity":26,"s:53:6:53:Infinity":27,"s:54:6:54:Infinity":28,"s:57:4:61:Infinity":29,"s:62:4:62:Infinity":30,"s:64:4:64:Infinity":31,"f:68:22:68:39":6,"s:69:17:69:42":32,"s:70:16:70:61":33,"b:72:2:74:Infinity:undefined:undefined:undefined:undefined":7,"s:72:2:74:Infinity":34,"s:73:4:73:Infinity":35,"s:75:2:75:Infinity":36,"f:78:22:78:36":7,"b:79:2:79:Infinity:undefined:undefined:undefined:undefined":8,"s:79:2:79:Infinity":37,"b:79:6:79:10:79:14:79:41":9,"s:79:43:79:Infinity":38,"s:81:2:112:Infinity":39,"s:82:19:82:44":40,"s:84:21:84:66":41,"s:85:24:85:65":42,"f:85:38:85:39":8,"s:85:48:85:64":43,"b:87:4:102:Infinity:undefined:undefined:undefined:undefined":10,"s:87:4:102:Infinity":44,"s:88:6:91:Infinity":45,"s:93:24:93:72":46,"b:93:24:93:64:93:68:93:72":11,"s:94:6:94:Infinity":47,"s:95:6:95:66":48,"s:97:6:99:Infinity":49,"f:97:17:97:22":9,"s:98:8:98:Infinity":50,"s:101:6:101:Infinity":51,"s:104:4:108:Infinity":52,"b:106:13:106:18:106:22:106:25":12,"s:109:4:109:Infinity":53,"s:111:4:111:Infinity":54}}}
}
